<?xml version="1.0" encoding="UTF-8"?>
<!-- Generated by org.testng.reporters.JUnitReportReporter -->
<testsuite hostname="USHYDANJALMISH8" failures="0" tests="1" name="data.datavalidation.ValidatePathParameter" time="1.773" errors="0" timestamp="29 Jan 2023 09:01:37 GMT">
  <testcase classname="data.datavalidation.ValidatePathParameter" name="getCookieInfo" time="1.773"/>
</testsuite> <!-- data.datavalidation.ValidatePathParameter -->
