<?xml version="1.0" encoding="UTF-8"?>
<!-- Generated by org.testng.reporters.JUnitReportReporter -->
<testsuite hostname="USHYDANJALMISH8" failures="0" tests="1" name="data.datavalidation.ValidateResponseData" time="2.647" errors="0" timestamp="29 Jan 2023 11:31:55 GMT">
  <testcase classname="data.datavalidation.ValidateResponseData" name="validateStoreApi" time="2.647"/>
</testsuite> <!-- data.datavalidation.ValidateResponseData -->
