<?xml version="1.0" encoding="UTF-8"?>
<!-- Generated by org.testng.reporters.JUnitReportReporter -->
<testsuite hostname="USHYDANJALMISH8" failures="0" tests="2" name="data.datavalidation.DummyRequestTest" time="3.477" errors="0" timestamp="26 Jan 2023 10:52:09 GMT">
  <testcase classname="data.datavalidation.DummyRequestTest" name="createAndUpdateUser" time="2.742"/>
  <testcase classname="data.datavalidation.DummyRequestTest" name="updateUserwithID" time="0.735"/>
</testsuite> <!-- data.datavalidation.DummyRequestTest -->
